<?xml version="1.0" encoding="UTF-8"?>
<!-- Generated by org.testng.reporters.JUnitReportReporter -->
<testsuite hostname="tangrammers-Mac-mini.local" name="test.OpenStackTest" tests="1" failures="0" timestamp="5 Mar 2014 20:10:13 GMT" time="20.683" errors="0">
  <testcase name="globalTest" time="20.683" classname="test.OpenStackTest"/>
</testsuite> <!-- test.OpenStackTest -->
