<?xml version="1.0" encoding="UTF-8"?>
<!-- Generated by org.testng.reporters.JUnitReportReporter -->
<testsuite hostname="tangrammers-Mac-mini.local" name="test.OpenStackTest" tests="1" failures="0" timestamp="11 Mar 2014 12:21:06 GMT" time="4.067" errors="0">
  <testcase name="globalTest" time="4.067" classname="test.OpenStackTest"/>
</testsuite> <!-- test.OpenStackTest -->
