<?xml version="1.0" encoding="UTF-8"?>
<!-- Generated by org.testng.reporters.JUnitReportReporter -->
<testsuite hostname="tangrammers-Mac-mini.local" name="test.OpenStackTest" tests="1" failures="0" timestamp="5 Mar 2014 19:50:04 GMT" time="9.972" errors="0">
  <testcase name="globalTest" time="9.972" classname="test.OpenStackTest"/>
</testsuite> <!-- test.OpenStackTest -->
